Build started 12/30/2015 9:05:48 AM.
     1>Project "D:\C++\Balistic Fighters\Ballistic-Fighters\Balistic Fighters\Balistic Fighters.vcxproj" on node 2 (Build target(s)).
     1>ClCompile:
         C:\Program Files (x86)\Microsoft Visual Studio 12.0\VC\bin\CL.exe /c /Zi /nologo /W3 /WX- /sdl /O2 /Oi /Oy- /GL /D _MBCS /Gm- /EHsc /MD /GS /Gy /fp:precise /Zc:wchar_t /Zc:forScope /Fo"Release\\" /Fd"Release\vc120.pdb" /Gd /TP /analyze- /errorReport:prompt main.cpp
         main.cpp
     1>main.cpp(127): warning C4244: 'argument' : conversion from 'float' to 'int', possible loss of data
     1>main.cpp(127): warning C4244: 'argument' : conversion from 'const float' to 'int', possible loss of data
     1>main.cpp(143): warning C4244: 'argument' : conversion from 'float' to 'int', possible loss of data
     1>main.cpp(143): warning C4244: 'argument' : conversion from 'const float' to 'int', possible loss of data
     1>main.cpp(158): warning C4244: 'argument' : conversion from 'float' to 'int', possible loss of data
     1>main.cpp(158): warning C4244: 'argument' : conversion from 'const float' to 'int', possible loss of data
     1>main.cpp(172): warning C4244: 'argument' : conversion from 'float' to 'int', possible loss of data
     1>main.cpp(172): warning C4244: 'argument' : conversion from 'const float' to 'int', possible loss of data
     1>main.cpp(183): warning C4244: 'argument' : conversion from 'float' to 'int', possible loss of data
     1>main.cpp(183): warning C4244: 'argument' : conversion from 'const float' to 'int', possible loss of data
     1>main.cpp(193): warning C4244: 'argument' : conversion from 'float' to 'int', possible loss of data
     1>main.cpp(193): warning C4244: 'argument' : conversion from 'const float' to 'int', possible loss of data
     1>main.cpp(228): warning C4244: 'argument' : conversion from 'float' to 'int', possible loss of data
     1>main.cpp(228): warning C4244: 'argument' : conversion from 'const float' to 'int', possible loss of data
     1>main.cpp(277): warning C4244: 'argument' : conversion from 'float' to 'int', possible loss of data
     1>main.cpp(277): warning C4244: 'argument' : conversion from 'const float' to 'int', possible loss of data
       Link:
         C:\Program Files (x86)\Microsoft Visual Studio 12.0\VC\bin\link.exe /ERRORREPORT:PROMPT /OUT:"D:\C++\Balistic Fighters\Ballistic-Fighters\Release\Balistic Fighters.exe" /NOLOGO "sfml-graphics.lib" "sfml-audio.lib" "sfml-window.lib" "sfml-system.lib" "sfml-main.lib" kernel32.lib user32.lib gdi32.lib winspool.lib comdlg32.lib advapi32.lib shell32.lib ole32.lib oleaut32.lib uuid.lib odbc32.lib odbccp32.lib /MANIFEST /MANIFESTUAC:"level='asInvoker' uiAccess='false'" /manifest:embed /DEBUG /PDB:"D:\C++\Balistic Fighters\Ballistic-Fighters\Release\Balistic Fighters.pdb" /SUBSYSTEM:WINDOWS /OPT:REF /OPT:ICF /LTCG /TLBID:1 /DYNAMICBASE /NXCOMPAT /IMPLIB:"D:\C++\Balistic Fighters\Ballistic-Fighters\Release\Balistic Fighters.lib" /MACHINE:X86 /SAFESEH Release\main.obj
         Generating code
         Finished generating code
         Balistic Fighters.vcxproj -> D:\C++\Balistic Fighters\Ballistic-Fighters\Release\Balistic Fighters.exe
     1>Done Building Project "D:\C++\Balistic Fighters\Ballistic-Fighters\Balistic Fighters\Balistic Fighters.vcxproj" (Build target(s)).

Build succeeded.

Time Elapsed 00:00:04.11
