Build started 12/28/2015 8:18:22 PM.
     1>Project "C:\Users\Admin\Ballistic-Fighters\Balistic Fighters\Balistic Fighters.vcxproj" on node 2 (Build target(s)).
     1>ClCompile:
         C:\Program Files (x86)\Microsoft Visual Studio 12.0\VC\bin\CL.exe /c /I"C:\Users\Admin\Ballistic-Fighters\SFML\include" /ZI /nologo /W3 /WX- /sdl /Od /Oy- /D _MBCS /Gm /EHsc /RTC1 /MDd /GS /fp:precise /Zc:wchar_t /Zc:forScope /Fo"Debug\\" /Fd"Debug\vc120.pdb" /Gd /TP /analyze- /errorReport:prompt main.cpp
         main.cpp
     1>c:\users\admin\ballistic-fighters\balistic fighters\main.cpp(106): warning C4244: 'argument' : conversion from 'float' to 'int', possible loss of data
     1>c:\users\admin\ballistic-fighters\balistic fighters\main.cpp(106): warning C4244: 'argument' : conversion from 'const float' to 'int', possible loss of data
     1>c:\users\admin\ballistic-fighters\balistic fighters\main.cpp(121): warning C4244: 'argument' : conversion from 'float' to 'int', possible loss of data
     1>c:\users\admin\ballistic-fighters\balistic fighters\main.cpp(121): warning C4244: 'argument' : conversion from 'const float' to 'int', possible loss of data
     1>c:\users\admin\ballistic-fighters\balistic fighters\main.cpp(136): warning C4244: 'argument' : conversion from 'float' to 'int', possible loss of data
     1>c:\users\admin\ballistic-fighters\balistic fighters\main.cpp(136): warning C4244: 'argument' : conversion from 'const float' to 'int', possible loss of data
     1>c:\users\admin\ballistic-fighters\balistic fighters\main.cpp(151): warning C4244: 'argument' : conversion from 'float' to 'int', possible loss of data
     1>c:\users\admin\ballistic-fighters\balistic fighters\main.cpp(151): warning C4244: 'argument' : conversion from 'const float' to 'int', possible loss of data
     1>c:\users\admin\ballistic-fighters\balistic fighters\main.cpp(165): warning C4244: 'argument' : conversion from 'float' to 'int', possible loss of data
     1>c:\users\admin\ballistic-fighters\balistic fighters\main.cpp(165): warning C4244: 'argument' : conversion from 'const float' to 'int', possible loss of data
     1>c:\users\admin\ballistic-fighters\balistic fighters\main.cpp(179): warning C4244: 'argument' : conversion from 'float' to 'int', possible loss of data
     1>c:\users\admin\ballistic-fighters\balistic fighters\main.cpp(179): warning C4244: 'argument' : conversion from 'const float' to 'int', possible loss of data
     1>c:\users\admin\ballistic-fighters\balistic fighters\main.cpp(213): warning C4244: 'argument' : conversion from 'float' to 'int', possible loss of data
     1>c:\users\admin\ballistic-fighters\balistic fighters\main.cpp(213): warning C4244: 'argument' : conversion from 'const float' to 'int', possible loss of data
     1>c:\users\admin\ballistic-fighters\balistic fighters\main.cpp(266): warning C4244: 'argument' : conversion from 'float' to 'int', possible loss of data
     1>c:\users\admin\ballistic-fighters\balistic fighters\main.cpp(266): warning C4244: 'argument' : conversion from 'const float' to 'int', possible loss of data
       Link:
         C:\Program Files (x86)\Microsoft Visual Studio 12.0\VC\bin\link.exe /ERRORREPORT:PROMPT /OUT:"C:\Users\Admin\Ballistic-Fighters\Debug\Balistic Fighters.exe" /INCREMENTAL /NOLOGO /LIBPATH:"C:\Users\Admin\Ballistic-Fighters\SFML\lib" "sfml-graphics-d.lib" "sfml-audio-d.lib" "sfml-window-d.lib" "sfml-system-d.lib" "sfml-main-d.lib" kernel32.lib user32.lib gdi32.lib winspool.lib comdlg32.lib advapi32.lib shell32.lib ole32.lib oleaut32.lib uuid.lib odbc32.lib odbccp32.lib /MANIFEST /MANIFESTUAC:"level='asInvoker' uiAccess='false'" /manifest:embed /DEBUG /PDB:"C:\Users\Admin\Ballistic-Fighters\Debug\Balistic Fighters.pdb" /SUBSYSTEM:WINDOWS /TLBID:1 /DYNAMICBASE /NXCOMPAT /IMPLIB:"C:\Users\Admin\Ballistic-Fighters\Debug\Balistic Fighters.lib" /MACHINE:X86 Debug\main.obj
     1>sfml-main-d.lib(MainWin32.cpp.obj) : warning LNK4099: PDB 'vc120.pdb' was not found with 'sfml-main-d.lib(MainWin32.cpp.obj)' or at 'C:\Users\Admin\Ballistic-Fighters\Debug\vc120.pdb'; linking object as if no debug info
         Balistic Fighters.vcxproj -> C:\Users\Admin\Ballistic-Fighters\Debug\Balistic Fighters.exe
     1>Done Building Project "C:\Users\Admin\Ballistic-Fighters\Balistic Fighters\Balistic Fighters.vcxproj" (Build target(s)).

Build succeeded.

Time Elapsed 00:00:19.48
